[32m[3/20/2021, 10:42:04 AM / GET] : /archive/IT/Thesis[39m
[32m[3/20/2021, 10:48:40 AM / PATCH] : /student/payment/16255015[39m
[32m[3/20/2021, 10:50:30 AM / PATCH] : /student/payment/16255015[39m
[32m[3/20/2021, 10:51:27 AM / PATCH] : /student/payment/16255015[39m
[32m[3/20/2021, 10:52:33 AM / PATCH] : /student/payment/16255015[39m
[32m[3/20/2021, 10:52:51 AM / PATCH] : /student/payment/16255015[39m
[32m[3/20/2021, 10:53:46 AM / PATCH] : /student/payment/16255015[39m
[32m[3/20/2021, 10:54:40 AM / PATCH] : /student/payment/6039d9e427a4d6001770b0a1[39m
[32m[3/20/2021, 10:55:58 AM / PATCH] : /student/payment/16255015[39m
[32m[3/20/2021, 10:57:00 AM / PATCH] : /student/payment/16255015[39m
[32m[3/20/2021, 10:57:28 AM / PATCH] : /student/payment/16255015[39m
[32m[3/20/2021, 11:07:04 AM / PATCH] : /student/payment/16255015[39m
[32m[3/20/2021, 11:17:16 AM / GET] : /student/16255008[39m
[32m[3/20/2021, 11:17:17 AM / GET] : /library[39m
[32m[3/20/2021, 11:17:17 AM / GET] : /archive[39m
[32m[3/20/2021, 11:17:26 AM / GET] : /student/16255008[39m
[32m[3/20/2021, 11:17:31 AM / GET] : /student/16255008[39m
[32m[3/20/2021, 11:17:33 AM / GET] : /student/16255008[39m
[32m[3/20/2021, 11:17:34 AM / GET] : /student/16255008[39m
[32m[3/20/2021, 11:17:34 AM / GET] : /student/16255008[39m
[32m[3/20/2021, 11:17:34 AM / GET] : /library[39m
[32m[3/20/2021, 11:17:34 AM / GET] : /archive[39m
[32m[3/20/2021, 11:19:47 AM / GET] : /student/16255008[39m
[32m[3/20/2021, 11:19:57 AM / GET] : /student/16255008[39m
[32m[3/20/2021, 11:22:11 AM / GET] : /student/16255008[39m
[32m[3/20/2021, 11:23:13 AM / GET] : /student/16255008[39m
[32m[3/20/2021, 11:23:15 AM / GET] : /student/16255008[39m
[32m[3/20/2021, 11:24:06 AM / GET] : /student/16255008[39m
[32m[3/20/2021, 11:46:34 AM / GET] : /course/MAT%20165[39m
[32m[3/20/2021, 11:46:34 AM / GET] : /coursenotice/MAT%20165[39m
[32m[3/20/2021, 11:46:34 AM / GET] : /chat/MAT%20165[39m
[32m[3/20/2021, 11:46:38 AM / GET] : /student/16255008[39m
[32m[3/20/2021, 11:54:56 AM / GET] : /student/16255008[39m
[32m[3/20/2021, 11:55:49 AM / GET] : /student/16255008[39m
[32m[3/20/2021, 12:00:18 PM / GET] : /student/16255008[39m
[32m[3/20/2021, 12:03:37 PM / GET] : /student/16255008[39m
[32m[3/20/2021, 12:03:56 PM / GET] : /student/16255008[39m
[32m[3/20/2021, 12:03:58 PM / GET] : /student/16255008[39m
[32m[3/20/2021, 12:04:21 PM / GET] : /student/16255008[39m
[32m[3/20/2021, 12:04:39 PM / GET] : /student/16255008[39m
[32m[3/20/2021, 12:04:41 PM / GET] : /student/16255008[39m
[32m[3/20/2021, 12:04:43 PM / GET] : /student/16255008[39m
[32m[3/20/2021, 12:04:48 PM / GET] : /student/16255008[39m
[32m[3/20/2021, 12:05:01 PM / GET] : /student/16255008[39m
[32m[3/20/2021, 12:05:07 PM / GET] : /student/16255008[39m
[32m[3/20/2021, 12:06:56 PM / GET] : /student/16255008[39m
[32m[3/20/2021, 12:06:57 PM / GET] : /student/16255008[39m
[32m[3/20/2021, 12:07:10 PM / GET] : /student/16255008[39m
[32m[3/20/2021, 12:07:11 PM / GET] : /student/16255008[39m
[32m[3/20/2021, 12:08:26 PM / GET] : /student/16255008[39m
[32m[3/20/2021, 12:08:59 PM / GET] : /student/undefined[39m
[32m[3/20/2021, 12:09:33 PM / GET] : /course/MAT%20165[39m
[32m[3/20/2021, 12:09:33 PM / GET] : /coursenotice/MAT%20165[39m
[32m[3/20/2021, 12:09:34 PM / GET] : /chat/MAT%20165[39m
[32m[3/20/2021, 12:09:35 PM / GET] : /student/16255008[39m
[32m[3/20/2021, 12:09:37 PM / GET] : /student/16255008[39m
[32m[3/20/2021, 12:12:53 PM / GET] : /student/16255008[39m
[32m[3/20/2021, 12:14:06 PM / GET] : /student/16255008[39m
[32m[3/20/2021, 12:15:18 PM / GET] : /student/16255008[39m
[32m[3/20/2021, 12:18:09 PM / GET] : /student/16255008[39m
[32m[3/20/2021, 12:19:23 PM / GET] : /student/16255002[39m
[32m[3/20/2021, 12:19:26 PM / GET] : /student/16255002[39m
[32m[3/20/2021, 12:19:26 PM / GET] : /student/16255002[39m
[32m[3/20/2021, 12:19:27 PM / GET] : /student/16255002[39m
[32m[3/20/2021, 12:19:27 PM / GET] : /library[39m
[32m[3/20/2021, 12:19:27 PM / GET] : /archive[39m
[32m[3/20/2021, 12:19:28 PM / GET] : /student/16255002[39m
[32m[3/20/2021, 12:19:43 PM / GET] : /student/1625502[39m
[32m[3/20/2021, 12:19:47 PM / GET] : /student/1625502[39m
[32m[3/20/2021, 12:19:54 PM / GET] : /student/1625502[39m
[32m[3/20/2021, 12:19:56 PM / GET] : /student/1625502[39m
[32m[3/20/2021, 12:20:02 PM / GET] : /student/16255002[39m
[32m[3/20/2021, 12:20:08 PM / GET] : /student/16255002[39m
[32m[3/20/2021, 12:20:09 PM / GET] : /student/16255002[39m
[32m[3/20/2021, 12:20:14 PM / GET] : /student/16255008[39m
[32m[3/20/2021, 12:20:14 PM / GET] : /student/16255008[39m
[32m[3/20/2021, 12:20:15 PM / GET] : /student/16255008[39m
[32m[3/20/2021, 12:20:15 PM / GET] : /student/16255008[39m
[32m[3/20/2021, 12:20:15 PM / GET] : /library[39m
[32m[3/20/2021, 12:20:15 PM / GET] : /archive[39m
[32m[3/20/2021, 12:20:17 PM / GET] : /student/16255008[39m
[32m[3/20/2021, 12:20:43 PM / PATCH] : /student/payment/16255008[39m
[32m[3/20/2021, 12:21:19 PM / PATCH] : /student/payment/16255008[39m
[32m[3/20/2021, 12:22:15 PM / PATCH] : /student/payment/16255008[39m
[32m[3/20/2021, 12:22:19 PM / PATCH] : /student/payment/16255008[39m
[32m[3/20/2021, 12:23:00 PM / PATCH] : /student/payment/16255008[39m
[32m[3/20/2021, 12:23:07 PM / GET] : /student/16255008[39m
[32m[3/20/2021, 12:23:09 PM / GET] : /student/16255008[39m
[32m[3/20/2021, 12:24:03 PM / PATCH] : /student/payment/16255008[39m
[32m[3/20/2021, 12:24:14 PM / PATCH] : /student/payment/16255008[39m
[32m[3/20/2021, 12:24:15 PM / PATCH] : /student/payment/16255008[39m
[32m[3/20/2021, 12:25:55 PM / GET] : /student/16255008[39m
[32m[3/20/2021, 12:29:42 PM / GET] : /student/16255008[39m
[32m[3/20/2021, 12:29:45 PM / GET] : /student/16255008[39m
[32m[3/20/2021, 12:31:21 PM / GET] : /student/16255008[39m
[32m[3/20/2021, 12:33:35 PM / GET] : /student/16255008[39m
[32m[3/20/2021, 12:33:55 PM / GET] : /student/16255008[39m
[32m[3/20/2021, 12:34:54 PM / GET] : /student/16255008[39m
[32m[3/20/2021, 12:34:57 PM / GET] : /student/16255008[39m
[32m[3/20/2021, 12:35:41 PM / GET] : /student/16255002[39m
[32m[3/20/2021, 12:35:41 PM / GET] : /student/16255002[39m
[32m[3/20/2021, 12:35:42 PM / GET] : /student/16255002[39m
[32m[3/20/2021, 12:35:42 PM / GET] : /student/16255002[39m
[32m[3/20/2021, 12:35:42 PM / GET] : /library[39m
[32m[3/20/2021, 12:35:42 PM / GET] : /archive[39m
[32m[3/20/2021, 12:35:43 PM / GET] : /student/16255002[39m
[32m[3/20/2021, 12:36:14 PM / GET] : /faculty/SHA[39m
[32m[3/20/2021, 12:36:15 PM / GET] : /faculty/SHA[39m
[32m[3/20/2021, 12:36:15 PM / GET] : /course/all/faculty/SHA[39m
[32m[3/20/2021, 12:36:15 PM / GET] : /faculty/SHA[39m
[32m[3/20/2021, 12:36:15 PM / GET] : /library[39m
[32m[3/20/2021, 12:36:15 PM / GET] : /archive[39m
[32m[3/20/2021, 12:37:43 PM / GET] : /course/all/faculty/SHA[39m
[32m[3/20/2021, 12:39:17 PM / GET] : /course/all/faculty/SHA[39m
[32m[3/20/2021, 12:50:52 PM / PATCH] : /student/payment/16255008[39m
[32m[3/20/2021, 12:51:35 PM / PATCH] : /student/payment/16255008[39m
[32m[3/20/2021, 12:52:03 PM / GET] : /student/16255008[39m
[32m[3/20/2021, 12:54:28 PM / PATCH] : /student/payment/16255008[39m
[32m[3/20/2021, 12:55:44 PM / PATCH] : /student/payment/16255008[39m
[32m[3/20/2021, 12:58:19 PM / PATCH] : /student/payment/16255008[39m
[32m[3/20/2021, 12:58:31 PM / PATCH] : /student/payment/162550008[39m
[32m[3/20/2021, 12:59:00 PM / GET] : /student/16255008[39m
[32m[3/20/2021, 12:59:00 PM / GET] : /student/16255008[39m
[32m[3/20/2021, 12:59:00 PM / GET] : /student/16255008[39m
[32m[3/20/2021, 12:59:00 PM / GET] : /student/16255008[39m
[32m[3/20/2021, 12:59:01 PM / GET] : /library[39m
[32m[3/20/2021, 12:59:01 PM / GET] : /archive[39m
[32m[3/20/2021, 12:59:02 PM / GET] : /student/16255008[39m
[32m[3/20/2021, 12:59:56 PM / GET] : /faculty/SHA[39m
[32m[3/20/2021, 12:59:56 PM / GET] : /faculty/SHA[39m
[32m[3/20/2021, 12:59:56 PM / GET] : /course/all/faculty/SHA[39m
[32m[3/20/2021, 12:59:56 PM / GET] : /faculty/SHA[39m
[32m[3/20/2021, 12:59:56 PM / GET] : /library[39m
[32m[3/20/2021, 12:59:57 PM / GET] : /archive[39m
[32m[3/20/2021, 1:00:25 PM / PATCH] : /student/payment/16255008[39m
[32m[3/20/2021, 1:00:43 PM / GET] : /student/16255008[39m
[32m[3/20/2021, 1:00:44 PM / GET] : /student/16255008[39m
[32m[3/20/2021, 1:00:44 PM / GET] : /student/16255008[39m
[32m[3/20/2021, 1:00:44 PM / GET] : /student/16255008[39m
[32m[3/20/2021, 1:00:44 PM / GET] : /library[39m
[32m[3/20/2021, 1:00:44 PM / GET] : /archive[39m
[32m[3/20/2021, 1:00:45 PM / GET] : /student/16255008[39m
[32m[3/20/2021, 1:01:06 PM / GET] : /student/16255002[39m
[32m[3/20/2021, 1:01:06 PM / GET] : /student/16255002[39m
[32m[3/20/2021, 1:01:07 PM / GET] : /student/16255002[39m
[32m[3/20/2021, 1:01:07 PM / GET] : /student/16255002[39m
[32m[3/20/2021, 1:01:07 PM / GET] : /library[39m
[32m[3/20/2021, 1:01:07 PM / GET] : /archive[39m
[32m[3/20/2021, 1:01:08 PM / GET] : /student/16255002[39m
[32m[3/20/2021, 1:02:18 PM / GET] : /student/16255008[39m
[32m[3/20/2021, 1:02:19 PM / GET] : /student/16255008[39m
[32m[3/20/2021, 1:02:19 PM / GET] : /student/16255008[39m
[32m[3/20/2021, 1:02:19 PM / GET] : /student/16255008[39m
[32m[3/20/2021, 1:02:19 PM / GET] : /library[39m
[32m[3/20/2021, 1:02:20 PM / GET] : /archive[39m
[32m[3/20/2021, 1:02:20 PM / GET] : /student/16255008[39m
[32m[3/20/2021, 6:35:21 PM / PATCH] : /students/payment/16255008[39m
[32m[3/20/2021, 6:36:32 PM / PATCH] : /students/payment/16255008[39m
[32m[3/20/2021, 6:38:41 PM / PATCH] : /students/payment/16255008[39m
[32m[3/20/2021, 6:39:01 PM / PATCH] : /students/payment/16255008[39m
[32m[3/20/2021, 6:39:19 PM / PATCH] : /students/payment/16255008[39m
[32m[3/20/2021, 6:40:08 PM / PATCH] : /students/payment/16255008[39m
